<?xml version="1.0" encoding="UTF-8"?>
<!-- Generated by org.testng.reporters.JUnitXMLReporter -->
<testsuite hostname="LAP1238" ignored="0" name="登录" tests="6" failures="1" timestamp="20 四月 2018 05:09:59 GMT" time="98.387" errors="0">
  <testcase name="homePage_002_CheckoTherPages" time="0.0" classname="com.demo.test.testcases.home.HomePage_002_CheckoTherPages">
    <failure type="org.testng.TestNGException" message="
Cannot inject @Test annotated Method [homePage_002_CheckoTherPages] with [interface java.util.Map].
For more information on native dependency injection please refer to http://testng.org/doc/documentation-main.html#native-dependency-injection">
      <![CDATA[org.testng.TestNGException: Cannot inject @Test annotated Method [homePage_002_CheckoTherPages] with [interface java.util.Map].For more information on native dependency injection please refer to http://testng.org/doc/documentation-main.html#native-dependency-injection... Removed 24 stack frames]]>
    </failure>
  </testcase> <!-- homePage_002_CheckoTherPages -->
  <testcase name="loginPage_004_LoginWithWrongPwd" time="12.616" classname="com.demo.test.testcases.login.LoginPage_002_LoginFailFunction"/>
  <testcase name="loginPage_004_LoginWithWrongPwd" time="9.014" classname="com.demo.test.testcases.login.LoginPage_002_LoginFailFunction"/>
  <testcase name="loginPage_004_LoginWithWrongPwd" time="9.238" classname="com.demo.test.testcases.login.LoginPage_002_LoginFailFunction"/>
  <testcase name="checkHomeText" time="10.256" classname="com.demo.test.testcases.home.HomePage_001_CheckUserName"/>
  <testcase name="loginSuccessFunction" time="10.264" classname="com.demo.test.testcases.login.LoginPage_001_LoginSuccessFunction"/>
</testsuite> <!-- 登录 -->
