<?xml version="1.0" encoding="UTF-8"?>
<!-- Generated by org.testng.reporters.JUnitXMLReporter -->
<testsuite hostname="LAP1238" ignored="11" name="鑷姩鍖栨祴璇曠敤渚�" tests="1" failures="1" timestamp="23 四月 2018 10:13:44 GMT" time="0.073" errors="0">
  <testcase name="testDemo" time="0.019" classname="com.cn.niwodai.Report.listeners.TestNiwodai">
    <failure type="java.lang.ArithmeticException" message="/ by zero">
      <![CDATA[java.lang.ArithmeticException: / by zeroat com.cn.niwodai.Report.listeners.TestNiwodai.testDemo(TestNiwodai.java:29)... Removed 25 stack frames]]>
    </failure>
  </testcase> <!-- testDemo -->
  <testcase name="testDemo318" time="0.0" classname="com.cn.niwodai.Report.listeners.TestNiwodai">
    <ignored/>
  </testcase> <!-- testDemo318 -->
  <testcase name="testDemo313111" time="0.0" classname="com.cn.niwodai.Report.listeners.TestNiwodai">
    <ignored/>
  </testcase> <!-- testDemo313111 -->
  <testcase name="testDemo11" time="0.0" classname="com.cn.niwodai.Report.listeners.TestNiwodai">
    <ignored/>
  </testcase> <!-- testDemo11 -->
  <testcase name="testDemo3" time="0.0" classname="com.cn.niwodai.Report.listeners.TestNiwodai">
    <ignored/>
  </testcase> <!-- testDemo3 -->
  <testcase name="testDemo313" time="0.0" classname="com.cn.niwodai.Report.listeners.TestNiwodai">
    <ignored/>
  </testcase> <!-- testDemo313 -->
  <testcase name="testDemo1" time="0.0" classname="com.cn.niwodai.Report.listeners.TestNiwodai">
    <ignored/>
  </testcase> <!-- testDemo1 -->
  <testcase name="testDemo111" time="0.0" classname="com.cn.niwodai.Report.listeners.TestNiwodai">
    <ignored/>
  </testcase> <!-- testDemo111 -->
  <testcase name="testDemo3131" time="0.0" classname="com.cn.niwodai.Report.listeners.TestNiwodai">
    <ignored/>
  </testcase> <!-- testDemo3131 -->
  <testcase name="testDemo31311" time="0.0" classname="com.cn.niwodai.Report.listeners.TestNiwodai">
    <ignored/>
  </testcase> <!-- testDemo31311 -->
  <testcase name="testDemo2" time="0.0" classname="com.cn.niwodai.Report.listeners.TestNiwodai">
    <ignored/>
  </testcase> <!-- testDemo2 -->
  <testcase name="testDemo3134" time="0.0" classname="com.cn.niwodai.Report.listeners.TestNiwodai">
    <ignored/>
  </testcase> <!-- testDemo3134 -->
</testsuite> <!-- 鑷姩鍖栨祴璇曠敤渚� -->
