<?xml version="1.0" encoding="UTF-8"?>
<testng-results skipped="0" failed="1" ignored="0" total="6" passed="5">
  <reporter-output>
    <line>
      <![CDATA[[2018_04_20_13_08_21_homePage_002_CheckoTherPages] ,截图失败，原因：null]]>
    </line>
    <line>
      <![CDATA[<img src="../../[2018_04_20_13_08_21_homePage_002_CheckoTherPages] ,截图失败，原因：null"/>]]>
    </line>
  </reporter-output>
  <suite name="Suite" duration-ms="98387" started-at="2018-04-20T05:08:21Z" finished-at="2018-04-20T05:09:59Z">
    <groups>
    </groups>
    <test name="登录" duration-ms="98387" started-at="2018-04-20T05:08:21Z" finished-at="2018-04-20T05:09:59Z">
      <class name="com.demo.test.testcases.home.HomePage_002_CheckoTherPages">
        <test-method status="FAIL" signature="homePage_002_CheckoTherPages(java.util.Map)[pri:0, instance:com.demo.test.testcases.home.HomePage_002_CheckoTherPages@445f88]" name="homePage_002_CheckoTherPages" duration-ms="0" started-at="2018-04-20T13:08:21Z" finished-at="2018-04-20T13:08:21Z">
          <exception class="org.testng.TestNGException">
            <message>
              <![CDATA[Cannot inject @Test annotated Method [homePage_002_CheckoTherPages] with [interface java.util.Map].For more information on native dependency injection please refer to http://testng.org/doc/documentation-main.html#native-dependency-injection]]>
            </message>
            <full-stacktrace>
              <![CDATA[org.testng.TestNGException: Cannot inject @Test annotated Method [homePage_002_CheckoTherPages] with [interface java.util.Map].For more information on native dependency injection please refer to http://testng.org/doc/documentation-main.html#native-dependency-injectionat org.testng.internal.Parameters.checkParameterTypes(Parameters.java:407)at org.testng.internal.Parameters.createParametersForMethod(Parameters.java:356)at org.testng.internal.Parameters.createParameters(Parameters.java:635)at org.testng.internal.Parameters.handleParameters(Parameters.java:769)at org.testng.internal.ParameterHandler.handleParameters(ParameterHandler.java:49)at org.testng.internal.ParameterHandler.createParameters(ParameterHandler.java:37)at org.testng.internal.Invoker.invokeTestMethods(Invoker.java:914)at org.testng.internal.TestMethodWorker.invokeTestMethods(TestMethodWorker.java:125)at org.testng.internal.TestMethodWorker.run(TestMethodWorker.java:109)at org.testng.TestRunner.privateRun(TestRunner.java:648)at org.testng.TestRunner.run(TestRunner.java:505)at org.testng.SuiteRunner.runTest(SuiteRunner.java:455)at org.testng.SuiteRunner.runSequentially(SuiteRunner.java:450)at org.testng.SuiteRunner.privateRun(SuiteRunner.java:415)at org.testng.SuiteRunner.run(SuiteRunner.java:364)at org.testng.SuiteRunnerWorker.runSuite(SuiteRunnerWorker.java:52)at org.testng.SuiteRunnerWorker.run(SuiteRunnerWorker.java:84)at org.testng.TestNG.runSuitesSequentially(TestNG.java:1187)at org.testng.TestNG.runSuitesLocally(TestNG.java:1116)at org.testng.TestNG.runSuites(TestNG.java:1028)at org.testng.TestNG.run(TestNG.java:996)at org.testng.remote.AbstractRemoteTestNG.run(AbstractRemoteTestNG.java:114)at org.testng.remote.RemoteTestNG.initAndRun(RemoteTestNG.java:251)at org.testng.remote.RemoteTestNG.main(RemoteTestNG.java:77)]]>
            </full-stacktrace>
          </exception> <!-- org.testng.TestNGException -->
          <reporter-output>
            <line>
              <![CDATA[[2018_04_20_13_08_21_homePage_002_CheckoTherPages] ,截图失败，原因：null]]>
            </line>
            <line>
              <![CDATA[<img src="../../[2018_04_20_13_08_21_homePage_002_CheckoTherPages] ,截图失败，原因：null"/>]]>
            </line>
          </reporter-output>
        </test-method> <!-- homePage_002_CheckoTherPages -->
      </class> <!-- com.demo.test.testcases.home.HomePage_002_CheckoTherPages -->
      <class name="com.demo.test.testcases.home.HomePage_001_CheckUserName">
        <test-method status="PASS" signature="startTest(org.testng.ITestContext)[pri:0, instance:com.demo.test.testcases.home.HomePage_001_CheckUserName@16a9a4c]" name="startTest" is-config="true" duration-ms="12555" started-at="2018-04-20T13:09:09Z" finished-at="2018-04-20T13:09:22Z">
          <params>
            <param index="0">
              <value>
                <![CDATA[org.testng.TestRunner@1fdad15]]>
              </value>
            </param>
          </params>
          <reporter-output>
          </reporter-output>
        </test-method> <!-- startTest -->
        <test-method status="PASS" signature="checkHomeText(java.util.Map)[pri:0, instance:com.demo.test.testcases.home.HomePage_001_CheckUserName@16a9a4c]" name="checkHomeText" duration-ms="10256" started-at="2018-04-20T13:09:22Z" data-provider="testData" finished-at="2018-04-20T13:09:32Z">
          <params>
            <param index="0">
              <value>
                <![CDATA[{PASSWORD=a1234567, USERNAME=allen}]]>
              </value>
            </param>
          </params>
          <reporter-output>
          </reporter-output>
        </test-method> <!-- checkHomeText -->
        <test-method status="PASS" signature="endTest()[pri:0, instance:com.demo.test.testcases.home.HomePage_001_CheckUserName@16a9a4c]" name="endTest" is-config="true" duration-ms="3406" started-at="2018-04-20T13:09:32Z" finished-at="2018-04-20T13:09:35Z">
          <reporter-output>
          </reporter-output>
        </test-method> <!-- endTest -->
      </class> <!-- com.demo.test.testcases.home.HomePage_001_CheckUserName -->
      <class name="com.demo.test.testcases.login.LoginPage_002_LoginFailFunction">
        <test-method status="PASS" signature="startTest(org.testng.ITestContext)[pri:0, instance:com.demo.test.testcases.login.LoginPage_002_LoginFailFunction@dbe837]" name="startTest" is-config="true" duration-ms="12775" started-at="2018-04-20T13:08:21Z" finished-at="2018-04-20T13:08:34Z">
          <params>
            <param index="0">
              <value>
                <![CDATA[org.testng.TestRunner@1fdad15]]>
              </value>
            </param>
          </params>
          <reporter-output>
          </reporter-output>
        </test-method> <!-- startTest -->
        <test-method status="PASS" signature="loginPage_004_LoginWithWrongPwd(java.util.Map)[pri:0, instance:com.demo.test.testcases.login.LoginPage_002_LoginFailFunction@dbe837]" name="loginPage_004_LoginWithWrongPwd" duration-ms="12616" started-at="2018-04-20T13:08:34Z" data-provider="testData" finished-at="2018-04-20T13:08:47Z">
          <params>
            <param index="0">
              <value>
                <![CDATA[{PASSWORD=a123456, ERROR=用户名或密码错误，请重新输入, USERNAME=liuyan}]]>
              </value>
            </param>
          </params>
          <reporter-output>
          </reporter-output>
        </test-method> <!-- loginPage_004_LoginWithWrongPwd -->
        <test-method status="PASS" signature="loginPage_004_LoginWithWrongPwd(java.util.Map)[pri:0, instance:com.demo.test.testcases.login.LoginPage_002_LoginFailFunction@dbe837]" name="loginPage_004_LoginWithWrongPwd" duration-ms="9014" started-at="2018-04-20T13:08:47Z" data-provider="testData" finished-at="2018-04-20T13:08:56Z">
          <params>
            <param index="0">
              <value>
                <![CDATA[{PASSWORD=a1234567, ERROR=用户名或密码错误，请重新输入!, USERNAME=liuyana}]]>
              </value>
            </param>
          </params>
          <reporter-output>
          </reporter-output>
        </test-method> <!-- loginPage_004_LoginWithWrongPwd -->
        <test-method status="PASS" signature="loginPage_004_LoginWithWrongPwd(java.util.Map)[pri:0, instance:com.demo.test.testcases.login.LoginPage_002_LoginFailFunction@dbe837]" name="loginPage_004_LoginWithWrongPwd" duration-ms="9238" started-at="2018-04-20T13:08:56Z" data-provider="testData" finished-at="2018-04-20T13:09:05Z">
          <params>
            <param index="0">
              <value>
                <![CDATA[{PASSWORD=, ERROR=密码不能为空, USERNAME=liuyan}]]>
              </value>
            </param>
          </params>
          <reporter-output>
          </reporter-output>
        </test-method> <!-- loginPage_004_LoginWithWrongPwd -->
        <test-method status="PASS" signature="endTest()[pri:0, instance:com.demo.test.testcases.login.LoginPage_002_LoginFailFunction@dbe837]" name="endTest" is-config="true" duration-ms="3863" started-at="2018-04-20T13:09:05Z" finished-at="2018-04-20T13:09:09Z">
          <reporter-output>
          </reporter-output>
        </test-method> <!-- endTest -->
      </class> <!-- com.demo.test.testcases.login.LoginPage_002_LoginFailFunction -->
      <class name="com.demo.test.testcases.login.LoginPage_001_LoginSuccessFunction">
        <test-method status="PASS" signature="startTest(org.testng.ITestContext)[pri:0, instance:com.demo.test.testcases.login.LoginPage_001_LoginSuccessFunction@1b831da]" name="startTest" is-config="true" duration-ms="10380" started-at="2018-04-20T13:09:35Z" finished-at="2018-04-20T13:09:46Z">
          <params>
            <param index="0">
              <value>
                <![CDATA[org.testng.TestRunner@1fdad15]]>
              </value>
            </param>
          </params>
          <reporter-output>
          </reporter-output>
        </test-method> <!-- startTest -->
        <test-method status="PASS" signature="loginSuccessFunction(java.util.Map)[pri:0, instance:com.demo.test.testcases.login.LoginPage_001_LoginSuccessFunction@1b831da]" name="loginSuccessFunction" duration-ms="10264" started-at="2018-04-20T13:09:46Z" data-provider="testData" finished-at="2018-04-20T13:09:56Z">
          <params>
            <param index="0">
              <value>
                <![CDATA[{PASSWORD=a1234567, USERNAME=allen}]]>
              </value>
            </param>
          </params>
          <reporter-output>
          </reporter-output>
        </test-method> <!-- loginSuccessFunction -->
        <test-method status="PASS" signature="endTest()[pri:0, instance:com.demo.test.testcases.login.LoginPage_001_LoginSuccessFunction@1b831da]" name="endTest" is-config="true" duration-ms="2770" started-at="2018-04-20T13:09:56Z" finished-at="2018-04-20T13:09:59Z">
          <reporter-output>
          </reporter-output>
        </test-method> <!-- endTest -->
      </class> <!-- com.demo.test.testcases.login.LoginPage_001_LoginSuccessFunction -->
    </test> <!-- 登录 -->
  </suite> <!-- Suite -->
</testng-results>
